<?xml version="1.0" encoding="UTF-8"?>
<!-- Generated by org.testng.reporters.JUnitXMLReporter -->
<testsuite ignored="0" hostname="Amrita" failures="0" tests="12" name="Account Page Test" time="6.923" errors="0" timestamp="2025-02-04T09:20:23 IST">
  <testcase classname="com.qa.opencart.tests.AccountPageTest" name="accPageTitleTest" time="0.0">
    <skipped/>
  </testcase> <!-- accPageTitleTest -->
  <testcase classname="com.qa.opencart.tests.AccountPageTest" name="accpageHeaderCountTest" time="0.0">
    <skipped/>
  </testcase> <!-- accpageHeaderCountTest -->
  <testcase classname="com.qa.opencart.tests.AccountPageTest" name="getAccPageHeaderTest" time="0.0">
    <skipped/>
  </testcase> <!-- getAccPageHeaderTest -->
  <testcase classname="com.qa.opencart.tests.AccountPageTest" name="isLogoutLinkExits" time="0.0">
    <skipped/>
  </testcase> <!-- isLogoutLinkExits -->
  <testcase classname="com.qa.opencart.tests.AccountPageTest" name="searchCountTest" time="0.0">
    <skipped/>
  </testcase> <!-- searchCountTest -->
  <testcase classname="com.qa.opencart.tests.AccountPageTest" name="searchCountTest" time="0.0">
    <skipped/>
  </testcase> <!-- searchCountTest -->
  <testcase classname="com.qa.opencart.tests.AccountPageTest" name="searchCountTest" time="0.0">
    <skipped/>
  </testcase> <!-- searchCountTest -->
  <testcase classname="com.qa.opencart.tests.AccountPageTest" name="searchTest" time="0.0">
    <skipped/>
  </testcase> <!-- searchTest -->
  <testcase classname="com.qa.opencart.tests.AccountPageTest" name="searchTest" time="0.0">
    <skipped/>
  </testcase> <!-- searchTest -->
  <testcase classname="com.qa.opencart.tests.AccountPageTest" name="searchTest" time="0.0">
    <skipped/>
  </testcase> <!-- searchTest -->
  <testcase classname="com.qa.opencart.tests.AccountPageTest" name="searchTest" time="0.0">
    <skipped/>
  </testcase> <!-- searchTest -->
  <testcase classname="com.qa.opencart.tests.AccountPageTest" name="searchTest" time="0.0">
    <skipped/>
  </testcase> <!-- searchTest -->
</testsuite> <!-- Account Page Test -->
