<?xml version="1.0" encoding="UTF-8"?>
<!-- Generated by org.testng.reporters.JUnitXMLReporter -->
<testsuite ignored="0" hostname="Amrita" failures="0" tests="4" name="Login Page Test" time="6.242" errors="0" timestamp="2025-02-04T09:20:22 IST">
  <testcase classname="com.qa.opencart.tests.LoginPageTest" name="isforgotPwdLinkExistTest" time="0.114"/>
  <testcase classname="com.qa.opencart.tests.LoginPageTest" name="loginPageTitleTest" time="0.042"/>
  <testcase classname="com.qa.opencart.tests.LoginPageTest" name="loginpageUrlTest" time="0.046"/>
  <testcase classname="com.qa.opencart.tests.LoginPageTest" name="loginTest" time="1.129"/>
</testsuite> <!-- Login Page Test -->
