<?xml version="1.0" encoding="UTF-8"?>
<!-- Generated by org.testng.reporters.JUnitXMLReporter -->
<testsuite ignored="3" hostname="Amrita" failures="0" tests="1" name="Default test" time="4.677" errors="0" timestamp="2025-01-28T23:10:00 IST">
  <testcase classname="com.qa.opencart.tests.LoginPageTest" name="loginPageTitleTest" time="0.016"/>
  <testcase classname="com.qa.opencart.tests.LoginPageTest" name="loginTest" time="0.0">
    <ignored/>
  </testcase> <!-- loginTest -->
  <testcase classname="com.qa.opencart.tests.LoginPageTest" name="isforgotPwdLinkExistTest" time="0.0">
    <ignored/>
  </testcase> <!-- isforgotPwdLinkExistTest -->
  <testcase classname="com.qa.opencart.tests.LoginPageTest" name="loginpageUrlTest" time="0.0">
    <ignored/>
  </testcase> <!-- loginpageUrlTest -->
</testsuite> <!-- Default test -->
