<?xml version="1.0" encoding="UTF-8"?>
<!-- Generated by org.testng.reporters.JUnitXMLReporter -->
<testsuite ignored="0" hostname="Amrita" failures="0" tests="12" name="Default test" time="11.124" errors="0" timestamp="2025-02-03T13:35:20 IST">
  <testcase classname="com.qa.opencart.tests.AccountPageTest" name="accPageTitleTest" time="0.017"/>
  <testcase classname="com.qa.opencart.tests.AccountPageTest" name="accpageHeaderCountTest" time="0.038"/>
  <testcase classname="com.qa.opencart.tests.AccountPageTest" name="getAccPageHeaderTest" time="0.066"/>
  <testcase classname="com.qa.opencart.tests.AccountPageTest" name="isLogoutLinkExits" time="0.023"/>
  <testcase classname="com.qa.opencart.tests.AccountPageTest" name="searchCountTest" time="0.622"/>
  <testcase classname="com.qa.opencart.tests.AccountPageTest" name="searchCountTest" time="0.582"/>
  <testcase classname="com.qa.opencart.tests.AccountPageTest" name="searchCountTest" time="0.602"/>
  <testcase classname="com.qa.opencart.tests.AccountPageTest" name="searchTest" time="1.194"/>
  <testcase classname="com.qa.opencart.tests.AccountPageTest" name="searchTest" time="0.971"/>
  <testcase classname="com.qa.opencart.tests.AccountPageTest" name="searchTest" time="0.95"/>
  <testcase classname="com.qa.opencart.tests.AccountPageTest" name="searchTest" time="1.002"/>
  <testcase classname="com.qa.opencart.tests.AccountPageTest" name="searchTest" time="0.947"/>
</testsuite> <!-- Default test -->
