<?xml version="1.0" encoding="UTF-8"?>
<testng-results ignored="0" total="4" passed="4" failed="0" skipped="0">
  <reporter-output>
  </reporter-output>
  <suite started-at="2025-01-31T13:32:24 IST" name="Default suite" finished-at="2025-01-31T13:32:29 IST" duration-ms="4892">
    <groups>
    </groups>
    <test started-at="2025-01-31T13:32:24 IST" name="Default test" finished-at="2025-01-31T13:32:29 IST" duration-ms="4892">
      <class name="com.qa.opencart.tests.AccountPageTest">
        <test-method is-config="true" signature="setUp()[pri:0, instance:com.qa.opencart.tests.AccountPageTest@2b30a42c]" started-at="2025-01-31T13:32:24 IST" name="setUp" finished-at="2025-01-31T13:32:28 IST" duration-ms="3524" status="PASS">
          <reporter-output>
          </reporter-output>
        </test-method> <!-- setUp -->
        <test-method is-config="true" signature="accSetUp()[pri:0, instance:com.qa.opencart.tests.AccountPageTest@2b30a42c]" started-at="2025-01-31T13:32:28 IST" name="accSetUp" finished-at="2025-01-31T13:32:29 IST" duration-ms="882" status="PASS">
          <reporter-output>
          </reporter-output>
        </test-method> <!-- accSetUp -->
        <test-method signature="accPageTitleTest()[pri:0, instance:com.qa.opencart.tests.AccountPageTest@2b30a42c]" started-at="2025-01-31T13:32:29 IST" name="accPageTitleTest" finished-at="2025-01-31T13:32:29 IST" duration-ms="30" status="PASS">
          <reporter-output>
          </reporter-output>
        </test-method> <!-- accPageTitleTest -->
        <test-method signature="accpageHeaderCountTest()[pri:0, instance:com.qa.opencart.tests.AccountPageTest@2b30a42c]" started-at="2025-01-31T13:32:29 IST" name="accpageHeaderCountTest" finished-at="2025-01-31T13:32:29 IST" duration-ms="80" status="PASS">
          <reporter-output>
          </reporter-output>
        </test-method> <!-- accpageHeaderCountTest -->
        <test-method signature="getAccPageHeaderTest()[pri:0, instance:com.qa.opencart.tests.AccountPageTest@2b30a42c]" started-at="2025-01-31T13:32:29 IST" name="getAccPageHeaderTest" finished-at="2025-01-31T13:32:29 IST" duration-ms="89" status="PASS">
          <reporter-output>
          </reporter-output>
        </test-method> <!-- getAccPageHeaderTest -->
        <test-method signature="isLogoutLinkExits()[pri:0, instance:com.qa.opencart.tests.AccountPageTest@2b30a42c]" started-at="2025-01-31T13:32:29 IST" name="isLogoutLinkExits" finished-at="2025-01-31T13:32:29 IST" duration-ms="30" status="PASS">
          <reporter-output>
          </reporter-output>
        </test-method> <!-- isLogoutLinkExits -->
        <test-method is-config="true" signature="tearDown()[pri:0, instance:com.qa.opencart.tests.AccountPageTest@2b30a42c]" started-at="2025-01-31T13:32:29 IST" name="tearDown" finished-at="2025-01-31T13:32:29 IST" duration-ms="219" status="PASS">
          <reporter-output>
          </reporter-output>
        </test-method> <!-- tearDown -->
      </class> <!-- com.qa.opencart.tests.AccountPageTest -->
    </test> <!-- Default test -->
  </suite> <!-- Default suite -->
</testng-results>
