<?xml version="1.0" encoding="UTF-8"?>
<testng-results ignored="0" total="1" passed="1" failed="0" skipped="0">
  <reporter-output>
  </reporter-output>
  <suite started-at="2025-01-28T23:09:55 IST" name="Default suite" finished-at="2025-01-28T23:10:00 IST" duration-ms="4677">
    <groups>
    </groups>
    <test started-at="2025-01-28T23:09:55 IST" name="Default test" finished-at="2025-01-28T23:10:00 IST" duration-ms="4677">
      <class name="com.qa.opencart.tests.LoginPageTest">
        <test-method is-config="true" signature="setUp()[pri:0, instance:com.qa.opencart.tests.LoginPageTest@359df09a]" started-at="2025-01-28T23:09:55 IST" name="setUp" finished-at="2025-01-28T23:10:00 IST" duration-ms="4385" status="PASS">
          <reporter-output>
          </reporter-output>
        </test-method> <!-- setUp -->
        <test-method signature="loginPageTitleTest()[pri:0, instance:com.qa.opencart.tests.LoginPageTest@359df09a]" started-at="2025-01-28T23:10:00 IST" name="loginPageTitleTest" finished-at="2025-01-28T23:10:00 IST" duration-ms="16" status="PASS">
          <reporter-output>
          </reporter-output>
        </test-method> <!-- loginPageTitleTest -->
        <test-method is-config="true" signature="tearDown()[pri:0, instance:com.qa.opencart.tests.LoginPageTest@359df09a]" started-at="2025-01-28T23:10:00 IST" name="tearDown" finished-at="2025-01-28T23:10:00 IST" duration-ms="229" status="PASS">
          <reporter-output>
          </reporter-output>
        </test-method> <!-- tearDown -->
      </class> <!-- com.qa.opencart.tests.LoginPageTest -->
    </test> <!-- Default test -->
  </suite> <!-- Default suite -->
</testng-results>
